[debug] [2020-11-21T07:16:17.284Z] ----------------------------------------------------------------------
[debug] [2020-11-21T07:16:17.287Z] Command:       C:\Program Files\nodejs\node.exe C:\Users\harih\AppData\Roaming\npm\node_modules\firebase-tools\lib\bin\firebase.js init
[debug] [2020-11-21T07:16:17.287Z] CLI Version:   8.16.2
[debug] [2020-11-21T07:16:17.287Z] Platform:      win32
[debug] [2020-11-21T07:16:17.287Z] Node Version:  v12.18.0
[debug] [2020-11-21T07:16:17.288Z] Time:          Sat Nov 21 2020 12:46:17 GMT+0530 (India Standard Time)
[debug] [2020-11-21T07:16:17.288Z] ----------------------------------------------------------------------
[debug] [2020-11-21T07:16:17.288Z] 
[debug] [2020-11-21T07:16:17.290Z] >>> [apiv2][query] GET https://firebase-public.firebaseio.com/cli.json [none]
[debug] [2020-11-21T07:16:17.305Z] > command requires scopes: ["email","openid","https://www.googleapis.com/auth/cloudplatformprojects.readonly","https://www.googleapis.com/auth/firebase","https://www.googleapis.com/auth/cloud-platform"]
[debug] [2020-11-21T07:16:17.306Z] > authorizing via signed-in user
[info] 
     ######## #### ########  ######## ########     ###     ######  ########
     ##        ##  ##     ## ##       ##     ##  ##   ##  ##       ##
     ######    ##  ########  ######   ########  #########  ######  ######
     ##        ##  ##    ##  ##       ##     ## ##     ##       ## ##
     ##       #### ##     ## ######## ########  ##     ##  ######  ########

You're about to initialize a Firebase project in this directory:

  D:\Mini_project\Reality_shoppee\shoppee

Before we get started, keep in mind:

  * You are initializing in an existing Firebase project directory

[debug] [2020-11-21T07:16:18.238Z] <<< [apiv2][status] GET https://firebase-public.firebaseio.com/cli.json 200
[debug] [2020-11-21T07:16:18.238Z] <<< [apiv2][body] GET https://firebase-public.firebaseio.com/cli.json {"cloudBuildErrorAfter":1594252800000,"cloudBuildWarnAfter":1590019200000,"defaultNode10After":1594252800000,"minVersion":"3.0.5","node8DeploysDisabledAfter":1613390400000,"node8RuntimeDisabledAfter":1615809600000,"node8WarnAfter":1600128000000}
